# JRE version: OpenJDK Runtime Environment Corretto-11.0.13.8.1 (11.0.13+8) (build 11.0.13+8-LTS)
# Java VM: OpenJDK 64-Bit Server VM Corretto-11.0.13.8.1 (11.0.13+8-LTS, mixed mode, tiered, compressed oops, g1 gc, windows-amd64)
Heap:
 garbage-first heap   total 262144K, used 119808K [0x00000000e0000000, 0x0000000100000000)
  region size 1024K, 13 young (13312K), 2 survivors (2048K)
 Metaspace       used 80891K, capacity 84355K, committed 113616K, reserved 354304K
  class space    used 9697K, capacity 10903K, committed 14412K, reserved 253952K
GC Heap History (20 events):
Event: 1874.529 GC heap after
{Heap after GC invocations=41 (full 0):
 garbage-first heap   total 262144K, used 104697K [0x00000000e0000000, 0x0000000100000000)
  region size 1024K, 15 young (15360K), 15 survivors (15360K)
 Metaspace       used 100997K, capacity 105956K, committed 106064K, reserved 348160K
  class space    used 12060K, capacity 13472K, committed 13516K, reserved 253952K
}
Event: 1881.446 GC heap before
{Heap before GC invocations=41 (full 0):
 garbage-first heap   total 262144K, used 207097K [0x00000000e0000000, 0x0000000100000000)
  region size 1024K, 116 young (118784K), 15 survivors (15360K)
 Metaspace       used 101225K, capacity 106183K, committed 106320K, reserved 348160K
  class space    used 12070K, capacity 13504K, committed 13516K, reserved 253952K
}
Event: 1881.465 GC heap after
{Heap after GC invocations=42 (full 0):
 garbage-first heap   total 262144K, used 103206K [0x00000000e0000000, 0x0000000100000000)
  region size 1024K, 7 young (7168K), 7 survivors (7168K)
 Metaspace       used 101225K, capacity 106183K, committed 106320K, reserved 348160K
  class space    used 12070K, capacity 13504K, committed 13516K, reserved 253952K
}
Event: 1895.643 GC heap before
{Heap before GC invocations=42 (full 0):
 garbage-first heap   total 262144K, used 207654K [0x00000000e0000000, 0x0000000100000000)
  region size 1024K, 110 young (112640K), 7 survivors (7168K)
 Metaspace       used 102939K, capacity 107960K, committed 108112K, reserved 350208K
  class space    used 12264K, capacity 13710K, committed 13772K, reserved 253952K
}
Event: 1895.652 GC heap after
{Heap after GC invocations=43 (full 0):
 garbage-first heap   total 262144K, used 102064K [0x00000000e0000000, 0x0000000100000000)
  region size 1024K, 6 young (6144K), 6 survivors (6144K)
 Metaspace       used 102939K, capacity 107960K, committed 108112K, reserved 350208K
  class space    used 12264K, capacity 13710K, committed 13772K, reserved 253952K
}
Event: 1897.807 GC heap before
{Heap before GC invocations=43 (full 0):
 garbage-first heap   total 262144K, used 209584K [0x00000000e0000000, 0x0000000100000000)
  region size 1024K, 112 young (114688K), 6 survivors (6144K)
 Metaspace       used 103397K, capacity 108540K, committed 108624K, reserved 350208K
  class space    used 12303K, capacity 13754K, committed 13772K, reserved 253952K
}
Event: 1897.829 GC heap after
{Heap after GC invocations=44 (full 0):
 garbage-first heap   total 262144K, used 111281K [0x00000000e0000000, 0x0000000100000000)
  region size 1024K, 14 young (14336K), 14 survivors (14336K)
 Metaspace       used 103397K, capacity 108540K, committed 108624K, reserved 350208K
  class space    used 12303K, capacity 13754K, committed 13772K, reserved 253952K
}
Event: 1903.499 GC heap before
{Heap before GC invocations=44 (full 0):
 garbage-first heap   total 262144K, used 208561K [0x00000000e0000000, 0x0000000100000000)
  region size 1024K, 110 young (112640K), 14 survivors (14336K)
 Metaspace       used 104717K, capacity 109868K, committed 110160K, reserved 350208K
  class space    used 12459K, capacity 13916K, committed 14028K, reserved 253952K
}
Event: 1903.519 GC heap after
{Heap after GC invocations=45 (full 0):
 garbage-first heap   total 262144K, used 114514K [0x00000000e0000000, 0x0000000100000000)
  region size 1024K, 6 young (6144K), 6 survivors (6144K)
 Metaspace       used 104717K, capacity 109868K, committed 110160K, reserved 350208K
  class space    used 12459K, capacity 13916K, committed 14028K, reserved 253952K
}
Event: 1907.197 GC heap before
{Heap before GC invocations=45 (full 0):
 garbage-first heap   total 262144K, used 210770K [0x00000000e0000000, 0x0000000100000000)
  region size 1024K, 101 young (103424K), 6 survivors (6144K)
 Metaspace       used 106251K, capacity 111512K, committed 111568K, reserved 352256K
  class space    used 12637K, capacity 14121K, committed 14156K, reserved 253952K
}
Event: 1907.213 GC heap after
{Heap after GC invocations=46 (full 0):
 garbage-first heap   total 262144K, used 123587K [0x00000000e0000000, 0x0000000100000000)
  region size 1024K, 13 young (13312K), 13 survivors (13312K)
 Metaspace       used 106251K, capacity 111512K, committed 111568K, reserved 352256K
  class space    used 12637K, capacity 14121K, committed 14156K, reserved 253952K
}
Event: 1929.846 GC heap before
{Heap before GC invocations=46 (full 0):
 garbage-first heap   total 262144K, used 209603K [0x00000000e0000000, 0x0000000100000000)
  region size 1024K, 98 young (100352K), 13 survivors (13312K)
 Metaspace       used 106460K, capacity 111711K, committed 111824K, reserved 352256K
  class space    used 12653K, capacity 14122K, committed 14156K, reserved 253952K
}
Event: 1929.866 GC heap after
{Heap after GC invocations=47 (full 0):
 garbage-first heap   total 262144K, used 127623K [0x00000000e0000000, 0x0000000100000000)
  region size 1024K, 7 young (7168K), 7 survivors (7168K)
 Metaspace       used 106460K, capacity 111711K, committed 111824K, reserved 352256K
  class space    used 12653K, capacity 14122K, committed 14156K, reserved 253952K
}
Event: 1935.536 GC heap before
{Heap before GC invocations=47 (full 0):
 garbage-first heap   total 262144K, used 210567K [0x00000000e0000000, 0x0000000100000000)
  region size 1024K, 89 young (91136K), 7 survivors (7168K)
 Metaspace       used 107827K, capacity 113134K, committed 113360K, reserved 354304K
  class space    used 12805K, capacity 14295K, committed 14412K, reserved 253952K
}
Event: 1935.571 GC heap after
{Heap after GC invocations=48 (full 0):
 garbage-first heap   total 262144K, used 135912K [0x00000000e0000000, 0x0000000100000000)
  region size 1024K, 12 young (12288K), 12 survivors (12288K)
 Metaspace       used 107827K, capacity 113134K, committed 113360K, reserved 354304K
  class space    used 12805K, capacity 14295K, committed 14412K, reserved 253952K
}
Event: 2658.698 GC heap before
{Heap before GC invocations=49 (full 0):
 garbage-first heap   total 262144K, used 207592K [0x00000000e0000000, 0x0000000100000000)
  region size 1024K, 86 young (88064K), 12 survivors (12288K)
 Metaspace       used 80891K, capacity 84355K, committed 113616K, reserved 354304K
  class space    used 9697K, capacity 10903K, committed 14412K, reserved 253952K
}
Event: 2658.716 GC heap after
{Heap after GC invocations=50 (full 0):
 garbage-first heap   total 262144K, used 134044K [0x00000000e0000000, 0x0000000100000000)
  region size 1024K, 5 young (5120K), 5 survivors (5120K)
 Metaspace       used 80891K, capacity 84355K, committed 113616K, reserved 354304K
  class space    used 9697K, capacity 10903K, committed 14412K, reserved 253952K
}
Event: 2658.801 GC heap before
{Heap before GC invocations=50 (full 0):
 garbage-first heap   total 262144K, used 141212K [0x00000000e0000000, 0x0000000100000000)
  region size 1024K, 12 young (12288K), 5 survivors (5120K)
 Metaspace       used 80891K, capacity 84355K, committed 113616K, reserved 354304K
  class space    used 9697K, capacity 10903K, committed 14412K, reserved 253952K
}
Event: 2658.813 GC heap after
{Heap after GC invocations=51 (full 0):
 garbage-first heap   total 262144K, used 108544K [0x00000000e0000000, 0x0000000100000000)
  region size 1024K, 1 young (1024K), 1 survivors (1024K)
 Metaspace       used 80891K, capacity 84355K, committed 113616K, reserved 354304K
  class space    used 9697K, capacity 10903K, committed 14412K, reserved 253952K
}
Event: 2658.935 GC heap before
{Heap before GC invocations=51 (full 0):
 garbage-first heap   total 262144K, used 118784K [0x00000000e0000000, 0x0000000100000000)
  region size 1024K, 12 young (12288K), 1 survivors (1024K)
 Metaspace       used 80891K, capacity 84355K, committed 113616K, reserved 354304K
  class space    used 9697K, capacity 10903K, committed 14412K, reserved 253952K
}

